# JRE version: Java(TM) SE Runtime Environment (8.0_111-b14) (build 1.8.0_111-b14)
# Java VM: Java HotSpot(TM) 64-Bit Server VM (25.111-b14 mixed mode windows-amd64 compressed oops)
Heap:
 PSYoungGen      total 75776K, used 7592K [0x000000076b900000, 0x0000000770d80000, 0x00000007c0000000)
  eden space 65024K, 11% used [0x000000076b900000,0x000000076c06a210,0x000000076f880000)
  from space 10752K, 0% used [0x0000000770300000,0x0000000770300000,0x0000000770d80000)
  to   space 10752K, 0% used [0x000000076f880000,0x000000076f880000,0x0000000770300000)
 ParOldGen       total 72704K, used 7288K [0x00000006c2a00000, 0x00000006c7100000, 0x000000076b900000)
  object space 72704K, 10% used [0x00000006c2a00000,0x00000006c311e2a0,0x00000006c7100000)
 Metaspace       used 21321K, capacity 21572K, committed 21936K, reserved 1069056K
  class space    used 2700K, capacity 2799K, committed 2816K, reserved 1048576K
GC Heap History (6 events):
Event: 4.337 GC heap before
{Heap before GC invocations=1 (full 0):
 PSYoungGen      total 75776K, used 65024K [0x000000076b900000, 0x0000000770d80000, 0x00000007c0000000)
  eden space 65024K, 100% used [0x000000076b900000,0x000000076f880000,0x000000076f880000)
  from space 10752K, 0% used [0x0000000770300000,0x0000000770300000,0x0000000770d80000)
  to   space 10752K, 0% used [0x000000076f880000,0x000000076f880000,0x0000000770300000)
 ParOldGen       total 173568K, used 0K [0x00000006c2a00000, 0x00000006cd380000, 0x000000076b900000)
  object space 173568K, 0% used [0x00000006c2a00000,0x00000006c2a00000,0x00000006cd380000)
 Metaspace       used 16244K, capacity 16464K, committed 16768K, reserved 1064960K
  class space    used 2021K, capacity 2087K, committed 2176K, reserved 1048576K
Event: 4.349 GC heap after
Heap after GC invocations=1 (full 0):
 PSYoungGen      total 75776K, used 8507K [0x000000076b900000, 0x0000000770d80000, 0x00000007c0000000)
  eden space 65024K, 0% used [0x000000076b900000,0x000000076b900000,0x000000076f880000)
  from space 10752K, 79% used [0x000000076f880000,0x00000007700cece8,0x0000000770300000)
  to   space 10752K, 0% used [0x0000000770300000,0x0000000770300000,0x0000000770d80000)
 ParOldGen       total 173568K, used 80K [0x00000006c2a00000, 0x00000006cd380000, 0x000000076b900000)
  object space 173568K, 0% used [0x00000006c2a00000,0x00000006c2a14010,0x00000006cd380000)
 Metaspace       used 16244K, capacity 16464K, committed 16768K, reserved 1064960K
  class space    used 2021K, capacity 2087K, committed 2176K, reserved 1048576K
}
Event: 15.245 GC heap before
{Heap before GC invocations=2 (full 0):
 PSYoungGen      total 75776K, used 69675K [0x000000076b900000, 0x0000000770d80000, 0x00000007c0000000)
  eden space 65024K, 94% used [0x000000076b900000,0x000000076f4bc0b0,0x000000076f880000)
  from space 10752K, 79% used [0x000000076f880000,0x00000007700cece8,0x0000000770300000)
  to   space 10752K, 0% used [0x0000000770300000,0x0000000770300000,0x0000000770d80000)
 ParOldGen       total 173568K, used 80K [0x00000006c2a00000, 0x00000006cd380000, 0x000000076b900000)
  object space 173568K, 0% used [0x00000006c2a00000,0x00000006c2a14010,0x00000006cd380000)
 Metaspace       used 20767K, capacity 20978K, committed 21296K, reserved 1069056K
  class space    used 2613K, capacity 2668K, committed 2688K, reserved 1048576K
Event: 15.252 GC heap after
Heap after GC invocations=2 (full 0):
 PSYoungGen      total 75776K, used 7511K [0x000000076b900000, 0x0000000770d80000, 0x00000007c0000000)
  eden space 65024K, 0% used [0x000000076b900000,0x000000076b900000,0x000000076f880000)
  from space 10752K, 69% used [0x0000000770300000,0x0000000770a55cc8,0x0000000770d80000)
  to   space 10752K, 0% used [0x000000076f880000,0x000000076f880000,0x0000000770300000)
 ParOldGen       total 173568K, used 96K [0x00000006c2a00000, 0x00000006cd380000, 0x000000076b900000)
  object space 173568K, 0% used [0x00000006c2a00000,0x00000006c2a18010,0x00000006cd380000)
 Metaspace       used 20767K, capacity 20978K, committed 21296K, reserved 1069056K
  class space    used 2613K, capacity 2668K, committed 2688K, reserved 1048576K
}
Event: 15.252 GC heap before
{Heap before GC invocations=3 (full 1):
 PSYoungGen      total 75776K, used 7511K [0x000000076b900000, 0x0000000770d80000, 0x00000007c0000000)
  eden space 65024K, 0% used [0x000000076b900000,0x000000076b900000,0x000000076f880000)
  from space 10752K, 69% used [0x0000000770300000,0x0000000770a55cc8,0x0000000770d80000)
  to   space 10752K, 0% used [0x000000076f880000,0x000000076f880000,0x0000000770300000)
 ParOldGen       total 173568K, used 96K [0x00000006c2a00000, 0x00000006cd380000, 0x000000076b900000)
  object space 173568K, 0% used [0x00000006c2a00000,0x00000006c2a18010,0x00000006cd380000)
 Metaspace       used 20767K, capacity 20978K, committed 21296K, reserved 1069056K
  class space    used 2613K, capacity 2668K, committed 2688K, reserved 1048576K
Event: 15.274 GC heap after
Heap after GC invocations=3 (full 1):
 PSYoungGen      total 75776K, used 0K [0x000000076b900000, 0x0000000770d80000, 0x00000007c0000000)
  eden space 65024K, 0% used [0x000000076b900000,0x000000076b900000,0x000000076f880000)
  from space 10752K, 0% used [0x0000000770300000,0x0000000770300000,0x0000000770d80000)
  to   space 10752K, 0% used [0x000000076f880000,0x000000076f880000,0x0000000770300000)
 ParOldGen       total 72704K, used 7288K [0x00000006c2a00000, 0x00000006c7100000, 0x000000076b900000)
  object space 72704K, 10% used [0x00000006c2a00000,0x00000006c311e2a0,0x00000006c7100000)
 Metaspace       used 20767K, capacity 20978K, committed 21296K, reserved 1069056K
  class space    used 2613K, capacity 2668K, committed 2688K, reserved 1048576K
}

