# JRE version: Java(TM) SE Runtime Environment (8.0_111-b14) (build 1.8.0_111-b14)
# Java VM: Java HotSpot(TM) 64-Bit Server VM (25.111-b14 mixed mode windows-amd64 compressed oops)
Heap:
 PSYoungGen      total 75776K, used 7582K [0x000000076b900000, 0x0000000770d80000, 0x00000007c0000000)
  eden space 65024K, 11% used [0x000000076b900000,0x000000076c067930,0x000000076f880000)
  from space 10752K, 0% used [0x0000000770300000,0x0000000770300000,0x0000000770d80000)
  to   space 10752K, 0% used [0x000000076f880000,0x000000076f880000,0x0000000770300000)
 ParOldGen       total 72704K, used 7301K [0x00000006c2a00000, 0x00000006c7100000, 0x000000076b900000)
  object space 72704K, 10% used [0x00000006c2a00000,0x00000006c3121598,0x00000006c7100000)
 Metaspace       used 21285K, capacity 21572K, committed 22016K, reserved 1069056K
  class space    used 2700K, capacity 2799K, committed 2816K, reserved 1048576K
GC Heap History (6 events):
Event: 4.375 GC heap before
{Heap before GC invocations=1 (full 0):
 PSYoungGen      total 75776K, used 65024K [0x000000076b900000, 0x0000000770d80000, 0x00000007c0000000)
  eden space 65024K, 100% used [0x000000076b900000,0x000000076f880000,0x000000076f880000)
  from space 10752K, 0% used [0x0000000770300000,0x0000000770300000,0x0000000770d80000)
  to   space 10752K, 0% used [0x000000076f880000,0x000000076f880000,0x0000000770300000)
 ParOldGen       total 173568K, used 0K [0x00000006c2a00000, 0x00000006cd380000, 0x000000076b900000)
  object space 173568K, 0% used [0x00000006c2a00000,0x00000006c2a00000,0x00000006cd380000)
 Metaspace       used 16210K, capacity 16464K, committed 16768K, reserved 1064960K
  class space    used 2021K, capacity 2087K, committed 2176K, reserved 1048576K
Event: 4.391 GC heap after
Heap after GC invocations=1 (full 0):
 PSYoungGen      total 75776K, used 8552K [0x000000076b900000, 0x0000000770d80000, 0x00000007c0000000)
  eden space 65024K, 0% used [0x000000076b900000,0x000000076b900000,0x000000076f880000)
  from space 10752K, 79% used [0x000000076f880000,0x00000007700da128,0x0000000770300000)
  to   space 10752K, 0% used [0x0000000770300000,0x0000000770300000,0x0000000770d80000)
 ParOldGen       total 173568K, used 80K [0x00000006c2a00000, 0x00000006cd380000, 0x000000076b900000)
  object space 173568K, 0% used [0x00000006c2a00000,0x00000006c2a14010,0x00000006cd380000)
 Metaspace       used 16210K, capacity 16464K, committed 16768K, reserved 1064960K
  class space    used 2021K, capacity 2087K, committed 2176K, reserved 1048576K
}
Event: 14.499 GC heap before
{Heap before GC invocations=2 (full 0):
 PSYoungGen      total 75776K, used 68463K [0x000000076b900000, 0x0000000770d80000, 0x00000007c0000000)
  eden space 65024K, 92% used [0x000000076b900000,0x000000076f381b50,0x000000076f880000)
  from space 10752K, 79% used [0x000000076f880000,0x00000007700da128,0x0000000770300000)
  to   space 10752K, 0% used [0x0000000770300000,0x0000000770300000,0x0000000770d80000)
 ParOldGen       total 173568K, used 80K [0x00000006c2a00000, 0x00000006cd380000, 0x000000076b900000)
  object space 173568K, 0% used [0x00000006c2a00000,0x00000006c2a14010,0x00000006cd380000)
 Metaspace       used 20770K, capacity 20946K, committed 21248K, reserved 1067008K
  class space    used 2618K, capacity 2700K, committed 2816K, reserved 1048576K
Event: 14.506 GC heap after
Heap after GC invocations=2 (full 0):
 PSYoungGen      total 75776K, used 7508K [0x000000076b900000, 0x0000000770d80000, 0x00000007c0000000)
  eden space 65024K, 0% used [0x000000076b900000,0x000000076b900000,0x000000076f880000)
  from space 10752K, 69% used [0x0000000770300000,0x0000000770a55290,0x0000000770d80000)
  to   space 10752K, 0% used [0x000000076f880000,0x000000076f880000,0x0000000770300000)
 ParOldGen       total 173568K, used 96K [0x00000006c2a00000, 0x00000006cd380000, 0x000000076b900000)
  object space 173568K, 0% used [0x00000006c2a00000,0x00000006c2a18010,0x00000006cd380000)
 Metaspace       used 20770K, capacity 20946K, committed 21248K, reserved 1067008K
  class space    used 2618K, capacity 2700K, committed 2816K, reserved 1048576K
}
Event: 14.506 GC heap before
{Heap before GC invocations=3 (full 1):
 PSYoungGen      total 75776K, used 7508K [0x000000076b900000, 0x0000000770d80000, 0x00000007c0000000)
  eden space 65024K, 0% used [0x000000076b900000,0x000000076b900000,0x000000076f880000)
  from space 10752K, 69% used [0x0000000770300000,0x0000000770a55290,0x0000000770d80000)
  to   space 10752K, 0% used [0x000000076f880000,0x000000076f880000,0x0000000770300000)
 ParOldGen       total 173568K, used 96K [0x00000006c2a00000, 0x00000006cd380000, 0x000000076b900000)
  object space 173568K, 0% used [0x00000006c2a00000,0x00000006c2a18010,0x00000006cd380000)
 Metaspace       used 20770K, capacity 20946K, committed 21248K, reserved 1067008K
  class space    used 2618K, capacity 2700K, committed 2816K, reserved 1048576K
Event: 14.532 GC heap after
Heap after GC invocations=3 (full 1):
 PSYoungGen      total 75776K, used 0K [0x000000076b900000, 0x0000000770d80000, 0x00000007c0000000)
  eden space 65024K, 0% used [0x000000076b900000,0x000000076b900000,0x000000076f880000)
  from space 10752K, 0% used [0x0000000770300000,0x0000000770300000,0x0000000770d80000)
  to   space 10752K, 0% used [0x000000076f880000,0x000000076f880000,0x0000000770300000)
 ParOldGen       total 72704K, used 7301K [0x00000006c2a00000, 0x00000006c7100000, 0x000000076b900000)
  object space 72704K, 10% used [0x00000006c2a00000,0x00000006c3121598,0x00000006c7100000)
 Metaspace       used 20770K, capacity 20946K, committed 21248K, reserved 1067008K
  class space    used 2618K, capacity 2700K, committed 2816K, reserved 1048576K
}

